Loci	sum reads	mistach reads(%)	max mistach reads(%)	max seq
D7S820	13	0(0)	0(0)	none
FGA	58	0(0)	0(0)	none
D2S441	30	0(0)	0(0)	none
vWA	48	0(0)	0(0)	none
DYS19	10	0(0)	0(0)	none
D13S317	12	0(0)	0(0)	none
D12S391	106	0(0)	0(0)	none
D21S11	99	0(0)	0(0)	none
DYS390	18	0(0)	0(0)	none
D1S1656	37	0(0)	0(0)	none
D19S433	30	0(0)	0(0)	none
D8S1179	35	0(0)	0(0)	none
DYS439	8	0(0)	0(0)	none
DYS456	6	0(0)	0(0)	none
TPOX	11	0(0)	0(0)	none
DYS460	9	0(0)	0(0)	none
D5S818	15	0(0)	0(0)	none
DYS549	6	0(0)	0(0)	none
DYS391	7	0(0)	0(0)	none
DYS576	9	0(0)	0(0)	none
DYS481	18	0(0)	0(0)	none
D6S1043	38	0(0)	0(0)	none
DYS635	19	0(0)	0(0)	none
DYS449	0	0(0)	0(0)	
DYS385a/b	8	0(0)	0(0)	none
DYS447	0	0(0)	0(0)	
GATA-H4	5	0(0)	0(0)	none
D16S539	14	0(0)	0(0)	none
DYS458	0	0(0)	0(0)	
PentaE	36	0(0)	0(0)	none
DYS448	18	0(0)	0(0)	none
DYS570	15	0(0)	0(0)	none
TH01	15	0(0)	0(0)	none
D10S1248	15	0(0)	0(0)	none
PentaD	20	0(0)	0(0)	none
DYS389I-II	43	0(0)	0(0)	none
DYS392	10	0(0)	0(0)	none
DYS438	10	0(0)	0(0)	none
DYS444	5	0(0)	0(0)	none
D3S1358	40	0(0)	0(0)	none
CSF1PO	15	0(0)	0(0)	none
D22S1045	13	0(0)	0(0)	none
DYS533	7	0(0)	0(0)	none
DYS437	10	0(0)	0(0)	none
D18S51	49	0(0)	0(0)	none
D2S1338	82	0(0)	0(0)	none
